2015-06-05 03:12:56 [10.201.8.9][-][-][warning][yii\debug\Module::checkAccess] Access to debugger is denied due to IP address restriction. The requesting IP address is 10.201.8.9
    in D:\workspace\www\ishare\backend\views\layouts\main.php:68
    in D:\workspace\www\ishare\backend\controllers\SiteController.php:73
2015-06-05 03:12:56 [10.201.8.9][-][-][info][application] $_GET = [
    'r' => 'site/login'
]

$_COOKIE = [
    'PHPSESSID' => 'thqqhsdphmkpdc7lpg3jbq5ks3'
]

$_SESSION = [
    '__flash' => []
    '__returnUrl' => '/'
]

$_SERVER = [
    'MIBDIRS' => 'D:/tools/php/lamp/php/extras/mibs'
    'MYSQL_HOME' => '\\xampp\\mysql\\bin'
    'OPENSSL_CONF' => 'D:/tools/php/lamp/apache/bin/openssl.cnf'
    'PHP_PEAR_SYSCONF_DIR' => '\\xampp\\php'
    'PHPRC' => '\\xampp\\php'
    'TMP' => '\\xampp\\tmp'
    'HTTP_HOST' => '10.201.8.41'
    'HTTP_ACCEPT_LANGUAGE' => 'zh-CN'
    'HTTP_COOKIE' => 'PHPSESSID=thqqhsdphmkpdc7lpg3jbq5ks3'
    'HTTP_X_UCBROWSER_UA' => 'dv(U9500);pr(UCBrowser/10.3.0.552);ov(Android 4.1.1);ss(360*640);pi(720*1280);bt(UM);pm(1);bv(0);nm(1);im(0);sr(0);nt(2);'
    'HTTP_ACCEPT_ENCODING' => 'gzip'
    'HTTP_USER_AGENT' => 'Mozilla/5.0 (Linux; U; Android 4.1.1; zh-CN; U9500 Build/HuaweiU9500) AppleWebKit/534.30 (KHTML, like Gecko) Version/4.0 UCBrowser/10.3.0.552 U3/0.8.0 Mobile Safari/534.30'
    'HTTP_ACCEPT' => 'text/html,application/xhtml+xml,application/xml;q=0.9,*/*;q=0.8,UC/145,plugin/1,alipay/un'
    'HTTP_CONNECTION' => 'keep-alive'
    'PATH' => 'C:\\Windows\\system32;C:\\Windows;C:\\Windows\\System32\\Wbem;C:\\Windows\\System32\\WindowsPowerShell\\v1.0\\;D:\\tools\\php\\lamp\\php;C:\\ProgramData\\ComposerSetup\\bin;D:\\Program Files\\TortoiseSVN\\bin;C:\\Program Files\\EmEditor;D:\\Program Files (x86)\\Subversion\\bin'
    'SystemRoot' => 'C:\\Windows'
    'COMSPEC' => 'C:\\Windows\\system32\\cmd.exe'
    'PATHEXT' => '.COM;.EXE;.BAT;.CMD;.VBS;.VBE;.JS;.JSE;.WSF;.WSH;.MSC'
    'WINDIR' => 'C:\\Windows'
    'SERVER_SIGNATURE' => '<address>Apache/2.4.4 (Win32) OpenSSL/1.0.1e PHP/5.5.1 Server at 10.201.8.41 Port 80</address>
'
    'SERVER_SOFTWARE' => 'Apache/2.4.4 (Win32) OpenSSL/1.0.1e PHP/5.5.1'
    'SERVER_NAME' => '10.201.8.41'
    'SERVER_ADDR' => '10.201.8.41'
    'SERVER_PORT' => '80'
    'REMOTE_ADDR' => '10.201.8.9'
    'DOCUMENT_ROOT' => 'D:/workspace/www/ishare/backend/web'
    'REQUEST_SCHEME' => 'http'
    'CONTEXT_PREFIX' => ''
    'CONTEXT_DOCUMENT_ROOT' => 'D:/workspace/www/ishare/backend/web'
    'SERVER_ADMIN' => 'ishareb.dev'
    'SCRIPT_FILENAME' => 'D:/workspace/www/ishare/backend/web/index.php'
    'REMOTE_PORT' => '19268'
    'GATEWAY_INTERFACE' => 'CGI/1.1'
    'SERVER_PROTOCOL' => 'HTTP/1.1'
    'REQUEST_METHOD' => 'GET'
    'QUERY_STRING' => 'r=site%2Flogin'
    'REQUEST_URI' => '/index.php?r=site%2Flogin'
    'SCRIPT_NAME' => '/index.php'
    'PHP_SELF' => '/index.php'
    'REQUEST_TIME_FLOAT' => 1433466776.02
    'REQUEST_TIME' => 1433466776
]
2015-06-05 03:13:37 [10.201.8.9][-][-][warning][yii\debug\Module::checkAccess] Access to debugger is denied due to IP address restriction. The requesting IP address is 10.201.8.9
    in D:\workspace\www\ishare\backend\views\layouts\main.php:68
    in D:\workspace\www\ishare\backend\controllers\SiteController.php:73
2015-06-05 03:13:36 [10.201.8.9][-][-][info][application] $_GET = [
    'r' => 'site/login'
]

$_COOKIE = [
    'PHPSESSID' => 'thqqhsdphmkpdc7lpg3jbq5ks3'
    '_csrf' => 'f4050439e79f94e51e385c90886a4cf4bef11e66dfa67e3e59599e01b137010fa:2:{i:0;s:5:\"_csrf\";i:1;s:32:\"036Vx3sG-Sk2BBYWJAtaBNL5ZgT5fUVq\";}'
]

$_SESSION = [
    '__flash' => []
    '__returnUrl' => '/'
]

$_SERVER = [
    'MIBDIRS' => 'D:/tools/php/lamp/php/extras/mibs'
    'MYSQL_HOME' => '\\xampp\\mysql\\bin'
    'OPENSSL_CONF' => 'D:/tools/php/lamp/apache/bin/openssl.cnf'
    'PHP_PEAR_SYSCONF_DIR' => '\\xampp\\php'
    'PHPRC' => '\\xampp\\php'
    'TMP' => '\\xampp\\tmp'
    'HTTP_HOST' => '10.201.8.41'
    'HTTP_ACCEPT_LANGUAGE' => 'zh-CN'
    'HTTP_COOKIE' => 'PHPSESSID=thqqhsdphmkpdc7lpg3jbq5ks3; _csrf=f4050439e79f94e51e385c90886a4cf4bef11e66dfa67e3e59599e01b137010fa%3A2%3A%7Bi%3A0%3Bs%3A5%3A%22_csrf%22%3Bi%3A1%3Bs%3A32%3A%22036Vx3sG-Sk2BBYWJAtaBNL5ZgT5fUVq%22%3B%7D'
    'HTTP_X_UCBROWSER_UA' => 'dv(U9500);pr(UCBrowser/10.3.0.552);ov(Android 4.1.1);ss(360*640);pi(720*1280);bt(UM);pm(1);bv(0);nm(1);im(0);sr(0);nt(2);'
    'HTTP_ACCEPT_ENCODING' => 'gzip'
    'HTTP_USER_AGENT' => 'Mozilla/5.0 (Linux; U; Android 4.1.1; zh-CN; U9500 Build/HuaweiU9500) AppleWebKit/534.30 (KHTML, like Gecko) Version/4.0 UCBrowser/10.3.0.552 U3/0.8.0 Mobile Safari/534.30'
    'HTTP_ACCEPT' => 'text/html,application/xhtml+xml,application/xml;q=0.9,*/*;q=0.8,UC/145,plugin/1,alipay/un'
    'HTTP_CONNECTION' => 'keep-alive'
    'HTTP_CACHE_CONTROL' => 'max-age=0'
    'PATH' => 'C:\\Windows\\system32;C:\\Windows;C:\\Windows\\System32\\Wbem;C:\\Windows\\System32\\WindowsPowerShell\\v1.0\\;D:\\tools\\php\\lamp\\php;C:\\ProgramData\\ComposerSetup\\bin;D:\\Program Files\\TortoiseSVN\\bin;C:\\Program Files\\EmEditor;D:\\Program Files (x86)\\Subversion\\bin'
    'SystemRoot' => 'C:\\Windows'
    'COMSPEC' => 'C:\\Windows\\system32\\cmd.exe'
    'PATHEXT' => '.COM;.EXE;.BAT;.CMD;.VBS;.VBE;.JS;.JSE;.WSF;.WSH;.MSC'
    'WINDIR' => 'C:\\Windows'
    'SERVER_SIGNATURE' => '<address>Apache/2.4.4 (Win32) OpenSSL/1.0.1e PHP/5.5.1 Server at 10.201.8.41 Port 80</address>
'
    'SERVER_SOFTWARE' => 'Apache/2.4.4 (Win32) OpenSSL/1.0.1e PHP/5.5.1'
    'SERVER_NAME' => '10.201.8.41'
    'SERVER_ADDR' => '10.201.8.41'
    'SERVER_PORT' => '80'
    'REMOTE_ADDR' => '10.201.8.9'
    'DOCUMENT_ROOT' => 'D:/workspace/www/ishare/backend/web'
    'REQUEST_SCHEME' => 'http'
    'CONTEXT_PREFIX' => ''
    'CONTEXT_DOCUMENT_ROOT' => 'D:/workspace/www/ishare/backend/web'
    'SERVER_ADMIN' => 'ishareb.dev'
    'SCRIPT_FILENAME' => 'D:/workspace/www/ishare/backend/web/index.php'
    'REMOTE_PORT' => '17328'
    'GATEWAY_INTERFACE' => 'CGI/1.1'
    'SERVER_PROTOCOL' => 'HTTP/1.1'
    'REQUEST_METHOD' => 'GET'
    'QUERY_STRING' => 'r=site%2Flogin'
    'REQUEST_URI' => '/index.php?r=site%2Flogin'
    'SCRIPT_NAME' => '/index.php'
    'PHP_SELF' => '/index.php'
    'REQUEST_TIME_FLOAT' => 1433466816.981
    'REQUEST_TIME' => 1433466816
]
2015-06-05 03:14:08 [10.201.8.9][-][-][warning][yii\gii\Module::checkAccess] Access to Gii is denied due to IP address restriction. The requested IP is 10.201.8.9
2015-06-05 03:14:08 [10.201.8.9][-][-][error][yii\web\HttpException:403] exception 'yii\web\ForbiddenHttpException' with message 'You are not allowed to access this page.' in D:\workspace\www\ishare\vendor\yiisoft\yii2-gii\Module.php:112
Stack trace:
#0 D:\workspace\www\ishare\vendor\yiisoft\yii2\base\Controller.php(139): yii\gii\Module->beforeAction(Object(yii\base\InlineAction))
#1 D:\workspace\www\ishare\vendor\yiisoft\yii2\base\Module.php(455): yii\base\Controller->runAction('', Array)
#2 D:\workspace\www\ishare\vendor\yiisoft\yii2\web\Application.php(84): yii\base\Module->runAction('gii', Array)
#3 D:\workspace\www\ishare\vendor\yiisoft\yii2\base\Application.php(375): yii\web\Application->handleRequest(Object(yii\web\Request))
#4 D:\workspace\www\ishare\backend\web\index.php(18): yii\base\Application->run()
#5 {main}
2015-06-05 03:14:08 [10.201.8.9][-][-][warning][yii\debug\Module::checkAccess] Access to debugger is denied due to IP address restriction. The requesting IP address is 10.201.8.9
    in D:\workspace\www\ishare\backend\views\layouts\main.php:68
2015-06-05 03:14:07 [10.201.8.9][-][-][info][application] $_GET = [
    'r' => 'gii'
]

$_COOKIE = [
    'PHPSESSID' => 'thqqhsdphmkpdc7lpg3jbq5ks3'
    '_csrf' => 'f4050439e79f94e51e385c90886a4cf4bef11e66dfa67e3e59599e01b137010fa:2:{i:0;s:5:\"_csrf\";i:1;s:32:\"036Vx3sG-Sk2BBYWJAtaBNL5ZgT5fUVq\";}'
]

$_SESSION = [
    '__flash' => []
    '__returnUrl' => '/'
]

$_SERVER = [
    'MIBDIRS' => 'D:/tools/php/lamp/php/extras/mibs'
    'MYSQL_HOME' => '\\xampp\\mysql\\bin'
    'OPENSSL_CONF' => 'D:/tools/php/lamp/apache/bin/openssl.cnf'
    'PHP_PEAR_SYSCONF_DIR' => '\\xampp\\php'
    'PHPRC' => '\\xampp\\php'
    'TMP' => '\\xampp\\tmp'
    'HTTP_HOST' => '10.201.8.41'
    'HTTP_ACCEPT_ENCODING' => 'gzip'
    'HTTP_ACCEPT_LANGUAGE' => 'zh-CN'
    'HTTP_USER_AGENT' => 'Mozilla/5.0 (Linux; U; Android 4.1.1; zh-CN; U9500 Build/HuaweiU9500) AppleWebKit/534.30 (KHTML, like Gecko) Version/4.0 UCBrowser/10.3.0.552 U3/0.8.0 Mobile Safari/534.30'
    'HTTP_COOKIE' => 'PHPSESSID=thqqhsdphmkpdc7lpg3jbq5ks3; _csrf=f4050439e79f94e51e385c90886a4cf4bef11e66dfa67e3e59599e01b137010fa%3A2%3A%7Bi%3A0%3Bs%3A5%3A%22_csrf%22%3Bi%3A1%3Bs%3A32%3A%22036Vx3sG-Sk2BBYWJAtaBNL5ZgT5fUVq%22%3B%7D'
    'HTTP_ACCEPT' => 'text/html,application/xhtml+xml,application/xml;q=0.9,*/*;q=0.8,UC/145,plugin/1,alipay/un'
    'HTTP_CONNECTION' => 'keep-alive'
    'HTTP_X_UCBROWSER_UA' => 'dv(U9500);pr(UCBrowser/10.3.0.552);ov(Android 4.1.1);ss(360*640);pi(720*1280);bt(UM);pm(1);bv(0);nm(1);im(0);sr(0);nt(2);'
    'PATH' => 'C:\\Windows\\system32;C:\\Windows;C:\\Windows\\System32\\Wbem;C:\\Windows\\System32\\WindowsPowerShell\\v1.0\\;D:\\tools\\php\\lamp\\php;C:\\ProgramData\\ComposerSetup\\bin;D:\\Program Files\\TortoiseSVN\\bin;C:\\Program Files\\EmEditor;D:\\Program Files (x86)\\Subversion\\bin'
    'SystemRoot' => 'C:\\Windows'
    'COMSPEC' => 'C:\\Windows\\system32\\cmd.exe'
    'PATHEXT' => '.COM;.EXE;.BAT;.CMD;.VBS;.VBE;.JS;.JSE;.WSF;.WSH;.MSC'
    'WINDIR' => 'C:\\Windows'
    'SERVER_SIGNATURE' => '<address>Apache/2.4.4 (Win32) OpenSSL/1.0.1e PHP/5.5.1 Server at 10.201.8.41 Port 80</address>
'
    'SERVER_SOFTWARE' => 'Apache/2.4.4 (Win32) OpenSSL/1.0.1e PHP/5.5.1'
    'SERVER_NAME' => '10.201.8.41'
    'SERVER_ADDR' => '10.201.8.41'
    'SERVER_PORT' => '80'
    'REMOTE_ADDR' => '10.201.8.9'
    'DOCUMENT_ROOT' => 'D:/workspace/www/ishare/backend/web'
    'REQUEST_SCHEME' => 'http'
    'CONTEXT_PREFIX' => ''
    'CONTEXT_DOCUMENT_ROOT' => 'D:/workspace/www/ishare/backend/web'
    'SERVER_ADMIN' => 'ishareb.dev'
    'SCRIPT_FILENAME' => 'D:/workspace/www/ishare/backend/web/index.php'
    'REMOTE_PORT' => '5427'
    'GATEWAY_INTERFACE' => 'CGI/1.1'
    'SERVER_PROTOCOL' => 'HTTP/1.1'
    'REQUEST_METHOD' => 'GET'
    'QUERY_STRING' => 'r=gii'
    'REQUEST_URI' => '/index.php?r=gii'
    'SCRIPT_NAME' => '/index.php'
    'PHP_SELF' => '/index.php'
    'REQUEST_TIME_FLOAT' => 1433466847.995
    'REQUEST_TIME' => 1433466847
]
2015-06-05 03:14:28 [10.201.8.41][-][-][warning][yii\debug\Module::checkAccess] Access to debugger is denied due to IP address restriction. The requesting IP address is 10.201.8.41
    in D:\workspace\www\ishare\backend\views\layouts\main.php:68
    in D:\workspace\www\ishare\backend\controllers\SiteController.php:73
2015-06-05 03:14:28 [10.201.8.41][-][-][info][application] $_GET = [
    'r' => 'site/login'
]

$_COOKIE = [
    'PHPSESSID' => 't1oipt5ckmg23g28nlgs7u8n51'
]

$_SESSION = [
    '__flash' => []
    '__returnUrl' => '/'
]

$_SERVER = [
    'MIBDIRS' => 'D:/tools/php/lamp/php/extras/mibs'
    'MYSQL_HOME' => '\\xampp\\mysql\\bin'
    'OPENSSL_CONF' => 'D:/tools/php/lamp/apache/bin/openssl.cnf'
    'PHP_PEAR_SYSCONF_DIR' => '\\xampp\\php'
    'PHPRC' => '\\xampp\\php'
    'TMP' => '\\xampp\\tmp'
    'HTTP_HOST' => '10.201.8.41'
    'HTTP_CONNECTION' => 'keep-alive'
    'HTTP_ACCEPT' => 'text/html,application/xhtml+xml,application/xml;q=0.9,image/webp,*/*;q=0.8'
    'HTTP_USER_AGENT' => 'Mozilla/5.0 (Windows NT 6.1; WOW64) AppleWebKit/537.36 (KHTML, like Gecko) Chrome/43.0.2357.65 Safari/537.36'
    'HTTP_ACCEPT_ENCODING' => 'gzip, deflate, sdch'
    'HTTP_ACCEPT_LANGUAGE' => 'zh-CN,zh;q=0.8'
    'HTTP_COOKIE' => 'PHPSESSID=t1oipt5ckmg23g28nlgs7u8n51'
    'PATH' => 'C:\\Windows\\system32;C:\\Windows;C:\\Windows\\System32\\Wbem;C:\\Windows\\System32\\WindowsPowerShell\\v1.0\\;D:\\tools\\php\\lamp\\php;C:\\ProgramData\\ComposerSetup\\bin;D:\\Program Files\\TortoiseSVN\\bin;C:\\Program Files\\EmEditor;D:\\Program Files (x86)\\Subversion\\bin'
    'SystemRoot' => 'C:\\Windows'
    'COMSPEC' => 'C:\\Windows\\system32\\cmd.exe'
    'PATHEXT' => '.COM;.EXE;.BAT;.CMD;.VBS;.VBE;.JS;.JSE;.WSF;.WSH;.MSC'
    'WINDIR' => 'C:\\Windows'
    'SERVER_SIGNATURE' => '<address>Apache/2.4.4 (Win32) OpenSSL/1.0.1e PHP/5.5.1 Server at 10.201.8.41 Port 80</address>
'
    'SERVER_SOFTWARE' => 'Apache/2.4.4 (Win32) OpenSSL/1.0.1e PHP/5.5.1'
    'SERVER_NAME' => '10.201.8.41'
    'SERVER_ADDR' => '10.201.8.41'
    'SERVER_PORT' => '80'
    'REMOTE_ADDR' => '10.201.8.41'
    'DOCUMENT_ROOT' => 'D:/workspace/www/ishare/backend/web'
    'REQUEST_SCHEME' => 'http'
    'CONTEXT_PREFIX' => ''
    'CONTEXT_DOCUMENT_ROOT' => 'D:/workspace/www/ishare/backend/web'
    'SERVER_ADMIN' => 'ishareb.dev'
    'SCRIPT_FILENAME' => 'D:/workspace/www/ishare/backend/web/index.php'
    'REMOTE_PORT' => '50169'
    'GATEWAY_INTERFACE' => 'CGI/1.1'
    'SERVER_PROTOCOL' => 'HTTP/1.1'
    'REQUEST_METHOD' => 'GET'
    'QUERY_STRING' => 'r=site%2Flogin'
    'REQUEST_URI' => '/index.php?r=site%2Flogin'
    'SCRIPT_NAME' => '/index.php'
    'PHP_SELF' => '/index.php'
    'REQUEST_TIME_FLOAT' => 1433466868.817
    'REQUEST_TIME' => 1433466868
]
2015-06-05 03:14:41 [10.201.8.41][-][-][error][yii\web\HttpException:404] exception 'yii\base\InvalidRouteException' with message 'Unable to resolve the request "nodes/book".' in D:\workspace\www\ishare\vendor\yiisoft\yii2\base\Module.php:461
Stack trace:
#0 D:\workspace\www\ishare\vendor\yiisoft\yii2\web\Application.php(84): yii\base\Module->runAction('nodes/book', Array)
#1 D:\workspace\www\ishare\vendor\yiisoft\yii2\base\Application.php(375): yii\web\Application->handleRequest(Object(yii\web\Request))
#2 D:\workspace\www\ishare\backend\web\index.php(18): yii\base\Application->run()
#3 {main}

Next exception 'yii\web\NotFoundHttpException' with message 'Page not found.' in D:\workspace\www\ishare\vendor\yiisoft\yii2\web\Application.php:96
Stack trace:
#0 D:\workspace\www\ishare\vendor\yiisoft\yii2\base\Application.php(375): yii\web\Application->handleRequest(Object(yii\web\Request))
#1 D:\workspace\www\ishare\backend\web\index.php(18): yii\base\Application->run()
#2 {main}
2015-06-05 03:14:41 [10.201.8.41][-][-][warning][yii\debug\Module::checkAccess] Access to debugger is denied due to IP address restriction. The requesting IP address is 10.201.8.41
    in D:\workspace\www\ishare\backend\views\layouts\main.php:68
2015-06-05 03:14:41 [10.201.8.41][-][-][info][application] $_GET = [
    'r' => 'nodes/book'
]

$_COOKIE = [
    'PHPSESSID' => 't1oipt5ckmg23g28nlgs7u8n51'
    '_csrf' => '3435ff128b375a5d9f30ade53f2853150f34ff0174428d6d85958d727d8239cca:2:{i:0;s:5:\"_csrf\";i:1;s:32:\"w2u71O0c4Cy5hBvjZlGKIk2QF-Ux6k6N\";}'
]

$_SESSION = [
    '__flash' => []
    '__returnUrl' => '/'
]

$_SERVER = [
    'MIBDIRS' => 'D:/tools/php/lamp/php/extras/mibs'
    'MYSQL_HOME' => '\\xampp\\mysql\\bin'
    'OPENSSL_CONF' => 'D:/tools/php/lamp/apache/bin/openssl.cnf'
    'PHP_PEAR_SYSCONF_DIR' => '\\xampp\\php'
    'PHPRC' => '\\xampp\\php'
    'TMP' => '\\xampp\\tmp'
    'HTTP_HOST' => '10.201.8.41'
    'HTTP_CONNECTION' => 'keep-alive'
    'HTTP_ACCEPT' => 'text/html,application/xhtml+xml,application/xml;q=0.9,image/webp,*/*;q=0.8'
    'HTTP_USER_AGENT' => 'Mozilla/5.0 (Windows NT 6.1; WOW64) AppleWebKit/537.36 (KHTML, like Gecko) Chrome/43.0.2357.65 Safari/537.36'
    'HTTP_ACCEPT_ENCODING' => 'gzip, deflate, sdch'
    'HTTP_ACCEPT_LANGUAGE' => 'zh-CN,zh;q=0.8'
    'HTTP_COOKIE' => 'PHPSESSID=t1oipt5ckmg23g28nlgs7u8n51; _csrf=3435ff128b375a5d9f30ade53f2853150f34ff0174428d6d85958d727d8239cca%3A2%3A%7Bi%3A0%3Bs%3A5%3A%22_csrf%22%3Bi%3A1%3Bs%3A32%3A%22w2u71O0c4Cy5hBvjZlGKIk2QF-Ux6k6N%22%3B%7D'
    'PATH' => 'C:\\Windows\\system32;C:\\Windows;C:\\Windows\\System32\\Wbem;C:\\Windows\\System32\\WindowsPowerShell\\v1.0\\;D:\\tools\\php\\lamp\\php;C:\\ProgramData\\ComposerSetup\\bin;D:\\Program Files\\TortoiseSVN\\bin;C:\\Program Files\\EmEditor;D:\\Program Files (x86)\\Subversion\\bin'
    'SystemRoot' => 'C:\\Windows'
    'COMSPEC' => 'C:\\Windows\\system32\\cmd.exe'
    'PATHEXT' => '.COM;.EXE;.BAT;.CMD;.VBS;.VBE;.JS;.JSE;.WSF;.WSH;.MSC'
    'WINDIR' => 'C:\\Windows'
    'SERVER_SIGNATURE' => '<address>Apache/2.4.4 (Win32) OpenSSL/1.0.1e PHP/5.5.1 Server at 10.201.8.41 Port 80</address>
'
    'SERVER_SOFTWARE' => 'Apache/2.4.4 (Win32) OpenSSL/1.0.1e PHP/5.5.1'
    'SERVER_NAME' => '10.201.8.41'
    'SERVER_ADDR' => '10.201.8.41'
    'SERVER_PORT' => '80'
    'REMOTE_ADDR' => '10.201.8.41'
    'DOCUMENT_ROOT' => 'D:/workspace/www/ishare/backend/web'
    'REQUEST_SCHEME' => 'http'
    'CONTEXT_PREFIX' => ''
    'CONTEXT_DOCUMENT_ROOT' => 'D:/workspace/www/ishare/backend/web'
    'SERVER_ADMIN' => 'ishareb.dev'
    'SCRIPT_FILENAME' => 'D:/workspace/www/ishare/backend/web/index.php'
    'REMOTE_PORT' => '50175'
    'GATEWAY_INTERFACE' => 'CGI/1.1'
    'SERVER_PROTOCOL' => 'HTTP/1.1'
    'REQUEST_METHOD' => 'GET'
    'QUERY_STRING' => 'r=nodes/book'
    'REQUEST_URI' => '/index.php?r=nodes/book'
    'SCRIPT_NAME' => '/index.php'
    'PHP_SELF' => '/index.php'
    'REQUEST_TIME_FLOAT' => 1433466881.775
    'REQUEST_TIME' => 1433466881
]
2015-06-05 03:15:12 [10.201.8.9][-][-][error][yii\web\HttpException:404] exception 'yii\base\InvalidRouteException' with message 'Unable to resolve the request "nodes/book".' in D:\workspace\www\ishare\vendor\yiisoft\yii2\base\Module.php:461
Stack trace:
#0 D:\workspace\www\ishare\vendor\yiisoft\yii2\web\Application.php(84): yii\base\Module->runAction('nodes/book', Array)
#1 D:\workspace\www\ishare\vendor\yiisoft\yii2\base\Application.php(375): yii\web\Application->handleRequest(Object(yii\web\Request))
#2 D:\workspace\www\ishare\backend\web\index.php(18): yii\base\Application->run()
#3 {main}

Next exception 'yii\web\NotFoundHttpException' with message 'Page not found.' in D:\workspace\www\ishare\vendor\yiisoft\yii2\web\Application.php:96
Stack trace:
#0 D:\workspace\www\ishare\vendor\yiisoft\yii2\base\Application.php(375): yii\web\Application->handleRequest(Object(yii\web\Request))
#1 D:\workspace\www\ishare\backend\web\index.php(18): yii\base\Application->run()
#2 {main}
2015-06-05 03:15:12 [10.201.8.9][-][-][warning][yii\debug\Module::checkAccess] Access to debugger is denied due to IP address restriction. The requesting IP address is 10.201.8.9
    in D:\workspace\www\ishare\backend\views\layouts\main.php:68
2015-06-05 03:15:12 [10.201.8.9][-][-][info][application] $_GET = [
    'r' => 'nodes/book'
]

$_COOKIE = [
    'PHPSESSID' => 'thqqhsdphmkpdc7lpg3jbq5ks3'
    '_csrf' => 'f4050439e79f94e51e385c90886a4cf4bef11e66dfa67e3e59599e01b137010fa:2:{i:0;s:5:\"_csrf\";i:1;s:32:\"036Vx3sG-Sk2BBYWJAtaBNL5ZgT5fUVq\";}'
]

$_SESSION = [
    '__flash' => []
    '__returnUrl' => '/'
]

$_SERVER = [
    'MIBDIRS' => 'D:/tools/php/lamp/php/extras/mibs'
    'MYSQL_HOME' => '\\xampp\\mysql\\bin'
    'OPENSSL_CONF' => 'D:/tools/php/lamp/apache/bin/openssl.cnf'
    'PHP_PEAR_SYSCONF_DIR' => '\\xampp\\php'
    'PHPRC' => '\\xampp\\php'
    'TMP' => '\\xampp\\tmp'
    'HTTP_HOST' => '10.201.8.41'
    'HTTP_ACCEPT_ENCODING' => 'gzip'
    'HTTP_ACCEPT_LANGUAGE' => 'zh-CN'
    'HTTP_USER_AGENT' => 'Mozilla/5.0 (Linux; U; Android 4.1.1; zh-CN; U9500 Build/HuaweiU9500) AppleWebKit/534.30 (KHTML, like Gecko) Version/4.0 UCBrowser/10.3.0.552 U3/0.8.0 Mobile Safari/534.30'
    'HTTP_COOKIE' => 'PHPSESSID=thqqhsdphmkpdc7lpg3jbq5ks3; _csrf=f4050439e79f94e51e385c90886a4cf4bef11e66dfa67e3e59599e01b137010fa%3A2%3A%7Bi%3A0%3Bs%3A5%3A%22_csrf%22%3Bi%3A1%3Bs%3A32%3A%22036Vx3sG-Sk2BBYWJAtaBNL5ZgT5fUVq%22%3B%7D'
    'HTTP_ACCEPT' => 'text/html,application/xhtml+xml,application/xml;q=0.9,*/*;q=0.8,UC/145,plugin/1,alipay/un'
    'HTTP_CONNECTION' => 'keep-alive'
    'HTTP_X_UCBROWSER_UA' => 'dv(U9500);pr(UCBrowser/10.3.0.552);ov(Android 4.1.1);ss(360*640);pi(720*1280);bt(UM);pm(1);bv(0);nm(1);im(0);sr(0);nt(2);'
    'PATH' => 'C:\\Windows\\system32;C:\\Windows;C:\\Windows\\System32\\Wbem;C:\\Windows\\System32\\WindowsPowerShell\\v1.0\\;D:\\tools\\php\\lamp\\php;C:\\ProgramData\\ComposerSetup\\bin;D:\\Program Files\\TortoiseSVN\\bin;C:\\Program Files\\EmEditor;D:\\Program Files (x86)\\Subversion\\bin'
    'SystemRoot' => 'C:\\Windows'
    'COMSPEC' => 'C:\\Windows\\system32\\cmd.exe'
    'PATHEXT' => '.COM;.EXE;.BAT;.CMD;.VBS;.VBE;.JS;.JSE;.WSF;.WSH;.MSC'
    'WINDIR' => 'C:\\Windows'
    'SERVER_SIGNATURE' => '<address>Apache/2.4.4 (Win32) OpenSSL/1.0.1e PHP/5.5.1 Server at 10.201.8.41 Port 80</address>
'
    'SERVER_SOFTWARE' => 'Apache/2.4.4 (Win32) OpenSSL/1.0.1e PHP/5.5.1'
    'SERVER_NAME' => '10.201.8.41'
    'SERVER_ADDR' => '10.201.8.41'
    'SERVER_PORT' => '80'
    'REMOTE_ADDR' => '10.201.8.9'
    'DOCUMENT_ROOT' => 'D:/workspace/www/ishare/backend/web'
    'REQUEST_SCHEME' => 'http'
    'CONTEXT_PREFIX' => ''
    'CONTEXT_DOCUMENT_ROOT' => 'D:/workspace/www/ishare/backend/web'
    'SERVER_ADMIN' => 'ishareb.dev'
    'SCRIPT_FILENAME' => 'D:/workspace/www/ishare/backend/web/index.php'
    'REMOTE_PORT' => '8624'
    'GATEWAY_INTERFACE' => 'CGI/1.1'
    'SERVER_PROTOCOL' => 'HTTP/1.1'
    'REQUEST_METHOD' => 'GET'
    'QUERY_STRING' => 'r=nodes/book'
    'REQUEST_URI' => '/index.php?r=nodes/book'
    'SCRIPT_NAME' => '/index.php'
    'PHP_SELF' => '/index.php'
    'REQUEST_TIME_FLOAT' => 1433466912.236
    'REQUEST_TIME' => 1433466912
]
2015-06-05 03:15:19 [10.201.8.9][-][-][warning][yii\debug\Module::checkAccess] Access to debugger is denied due to IP address restriction. The requesting IP address is 10.201.8.9
    in D:\workspace\www\ishare\backend\views\layouts\main.php:68
    in D:\workspace\www\ishare\backend\controllers\SiteController.php:73
2015-06-05 03:15:19 [10.201.8.9][-][-][info][application] $_GET = [
    'r' => 'site/login'
]

$_COOKIE = [
    '_csrf' => 'f4050439e79f94e51e385c90886a4cf4bef11e66dfa67e3e59599e01b137010fa:2:{i:0;s:5:\"_csrf\";i:1;s:32:\"036Vx3sG-Sk2BBYWJAtaBNL5ZgT5fUVq\";}'
    'PHPSESSID' => 'thqqhsdphmkpdc7lpg3jbq5ks3'
]

$_SESSION = [
    '__flash' => []
    '__returnUrl' => '/index.php'
]

$_SERVER = [
    'MIBDIRS' => 'D:/tools/php/lamp/php/extras/mibs'
    'MYSQL_HOME' => '\\xampp\\mysql\\bin'
    'OPENSSL_CONF' => 'D:/tools/php/lamp/apache/bin/openssl.cnf'
    'PHP_PEAR_SYSCONF_DIR' => '\\xampp\\php'
    'PHPRC' => '\\xampp\\php'
    'TMP' => '\\xampp\\tmp'
    'HTTP_HOST' => '10.201.8.41'
    'HTTP_ACCEPT_LANGUAGE' => 'zh-CN'
    'HTTP_COOKIE' => '_csrf=f4050439e79f94e51e385c90886a4cf4bef11e66dfa67e3e59599e01b137010fa%3A2%3A%7Bi%3A0%3Bs%3A5%3A%22_csrf%22%3Bi%3A1%3Bs%3A32%3A%22036Vx3sG-Sk2BBYWJAtaBNL5ZgT5fUVq%22%3B%7D; PHPSESSID=thqqhsdphmkpdc7lpg3jbq5ks3'
    'HTTP_X_UCBROWSER_UA' => 'dv(U9500);pr(UCBrowser/10.3.0.552);ov(Android 4.1.1);ss(360*640);pi(720*1280);bt(UM);pm(1);bv(0);nm(1);im(0);sr(0);nt(2);'
    'HTTP_REFERER' => 'http://10.201.8.41/index.php?r=nodes/book'
    'HTTP_ACCEPT_ENCODING' => 'gzip'
    'HTTP_USER_AGENT' => 'Mozilla/5.0 (Linux; U; Android 4.1.1; zh-CN; U9500 Build/HuaweiU9500) AppleWebKit/534.30 (KHTML, like Gecko) Version/4.0 UCBrowser/10.3.0.552 U3/0.8.0 Mobile Safari/534.30'
    'HTTP_ACCEPT' => 'text/html,application/xhtml+xml,application/xml;q=0.9,*/*;q=0.8,UC/145,plugin/1,alipay/un'
    'HTTP_CONNECTION' => 'keep-alive'
    'PATH' => 'C:\\Windows\\system32;C:\\Windows;C:\\Windows\\System32\\Wbem;C:\\Windows\\System32\\WindowsPowerShell\\v1.0\\;D:\\tools\\php\\lamp\\php;C:\\ProgramData\\ComposerSetup\\bin;D:\\Program Files\\TortoiseSVN\\bin;C:\\Program Files\\EmEditor;D:\\Program Files (x86)\\Subversion\\bin'
    'SystemRoot' => 'C:\\Windows'
    'COMSPEC' => 'C:\\Windows\\system32\\cmd.exe'
    'PATHEXT' => '.COM;.EXE;.BAT;.CMD;.VBS;.VBE;.JS;.JSE;.WSF;.WSH;.MSC'
    'WINDIR' => 'C:\\Windows'
    'SERVER_SIGNATURE' => '<address>Apache/2.4.4 (Win32) OpenSSL/1.0.1e PHP/5.5.1 Server at 10.201.8.41 Port 80</address>
'
    'SERVER_SOFTWARE' => 'Apache/2.4.4 (Win32) OpenSSL/1.0.1e PHP/5.5.1'
    'SERVER_NAME' => '10.201.8.41'
    'SERVER_ADDR' => '10.201.8.41'
    'SERVER_PORT' => '80'
    'REMOTE_ADDR' => '10.201.8.9'
    'DOCUMENT_ROOT' => 'D:/workspace/www/ishare/backend/web'
    'REQUEST_SCHEME' => 'http'
    'CONTEXT_PREFIX' => ''
    'CONTEXT_DOCUMENT_ROOT' => 'D:/workspace/www/ishare/backend/web'
    'SERVER_ADMIN' => 'ishareb.dev'
    'SCRIPT_FILENAME' => 'D:/workspace/www/ishare/backend/web/index.php'
    'REMOTE_PORT' => '15783'
    'GATEWAY_INTERFACE' => 'CGI/1.1'
    'SERVER_PROTOCOL' => 'HTTP/1.1'
    'REQUEST_METHOD' => 'GET'
    'QUERY_STRING' => 'r=site%2Flogin'
    'REQUEST_URI' => '/index.php?r=site%2Flogin'
    'SCRIPT_NAME' => '/index.php'
    'PHP_SELF' => '/index.php'
    'REQUEST_TIME_FLOAT' => 1433466919.702
    'REQUEST_TIME' => 1433466919
]
2015-06-05 03:15:56 [10.201.8.9][-][-][error][yii\web\HttpException:404] exception 'yii\base\InvalidRouteException' with message 'Unable to resolve the request "nodes/book".' in D:\workspace\www\ishare\vendor\yiisoft\yii2\base\Module.php:461
Stack trace:
#0 D:\workspace\www\ishare\vendor\yiisoft\yii2\web\Application.php(84): yii\base\Module->runAction('nodes/book', Array)
#1 D:\workspace\www\ishare\vendor\yiisoft\yii2\base\Application.php(375): yii\web\Application->handleRequest(Object(yii\web\Request))
#2 D:\workspace\www\ishare\backend\web\index.php(18): yii\base\Application->run()
#3 {main}

Next exception 'yii\web\NotFoundHttpException' with message 'Page not found.' in D:\workspace\www\ishare\vendor\yiisoft\yii2\web\Application.php:96
Stack trace:
#0 D:\workspace\www\ishare\vendor\yiisoft\yii2\base\Application.php(375): yii\web\Application->handleRequest(Object(yii\web\Request))
#1 D:\workspace\www\ishare\backend\web\index.php(18): yii\base\Application->run()
#2 {main}
2015-06-05 03:15:56 [10.201.8.9][-][-][warning][yii\debug\Module::checkAccess] Access to debugger is denied due to IP address restriction. The requesting IP address is 10.201.8.9
    in D:\workspace\www\ishare\backend\views\layouts\main.php:68
2015-06-05 03:15:56 [10.201.8.9][-][-][info][application] $_GET = [
    'r' => 'nodes/book'
]

$_COOKIE = [
    '_csrf' => 'f4050439e79f94e51e385c90886a4cf4bef11e66dfa67e3e59599e01b137010fa:2:{i:0;s:5:\"_csrf\";i:1;s:32:\"036Vx3sG-Sk2BBYWJAtaBNL5ZgT5fUVq\";}'
    'PHPSESSID' => 'thqqhsdphmkpdc7lpg3jbq5ks3'
]

$_SESSION = [
    '__flash' => []
    '__returnUrl' => '/index.php'
]

$_SERVER = [
    'MIBDIRS' => 'D:/tools/php/lamp/php/extras/mibs'
    'MYSQL_HOME' => '\\xampp\\mysql\\bin'
    'OPENSSL_CONF' => 'D:/tools/php/lamp/apache/bin/openssl.cnf'
    'PHP_PEAR_SYSCONF_DIR' => '\\xampp\\php'
    'PHPRC' => '\\xampp\\php'
    'TMP' => '\\xampp\\tmp'
    'HTTP_HOST' => '10.201.8.41'
    'HTTP_ACCEPT_ENCODING' => 'gzip'
    'HTTP_ACCEPT_LANGUAGE' => 'zh-CN'
    'HTTP_USER_AGENT' => 'Mozilla/5.0 (Linux; U; Android 4.1.1; zh-CN; U9500 Build/HuaweiU9500) AppleWebKit/534.30 (KHTML, like Gecko) Version/4.0 UCBrowser/10.3.0.552 U3/0.8.0 Mobile Safari/534.30'
    'HTTP_COOKIE' => '_csrf=f4050439e79f94e51e385c90886a4cf4bef11e66dfa67e3e59599e01b137010fa%3A2%3A%7Bi%3A0%3Bs%3A5%3A%22_csrf%22%3Bi%3A1%3Bs%3A32%3A%22036Vx3sG-Sk2BBYWJAtaBNL5ZgT5fUVq%22%3B%7D; PHPSESSID=thqqhsdphmkpdc7lpg3jbq5ks3'
    'HTTP_ACCEPT' => 'text/html,application/xhtml+xml,application/xml;q=0.9,*/*;q=0.8,UC/145,plugin/1,alipay/un'
    'HTTP_CONNECTION' => 'keep-alive'
    'HTTP_X_UCBROWSER_UA' => 'dv(U9500);pr(UCBrowser/10.3.0.552);ov(Android 4.1.1);ss(360*640);pi(720*1280);bt(UM);pm(1);bv(0);nm(0);im(0);sr(0);nt(2);'
    'PATH' => 'C:\\Windows\\system32;C:\\Windows;C:\\Windows\\System32\\Wbem;C:\\Windows\\System32\\WindowsPowerShell\\v1.0\\;D:\\tools\\php\\lamp\\php;C:\\ProgramData\\ComposerSetup\\bin;D:\\Program Files\\TortoiseSVN\\bin;C:\\Program Files\\EmEditor;D:\\Program Files (x86)\\Subversion\\bin'
    'SystemRoot' => 'C:\\Windows'
    'COMSPEC' => 'C:\\Windows\\system32\\cmd.exe'
    'PATHEXT' => '.COM;.EXE;.BAT;.CMD;.VBS;.VBE;.JS;.JSE;.WSF;.WSH;.MSC'
    'WINDIR' => 'C:\\Windows'
    'SERVER_SIGNATURE' => '<address>Apache/2.4.4 (Win32) OpenSSL/1.0.1e PHP/5.5.1 Server at 10.201.8.41 Port 80</address>
'
    'SERVER_SOFTWARE' => 'Apache/2.4.4 (Win32) OpenSSL/1.0.1e PHP/5.5.1'
    'SERVER_NAME' => '10.201.8.41'
    'SERVER_ADDR' => '10.201.8.41'
    'SERVER_PORT' => '80'
    'REMOTE_ADDR' => '10.201.8.9'
    'DOCUMENT_ROOT' => 'D:/workspace/www/ishare/backend/web'
    'REQUEST_SCHEME' => 'http'
    'CONTEXT_PREFIX' => ''
    'CONTEXT_DOCUMENT_ROOT' => 'D:/workspace/www/ishare/backend/web'
    'SERVER_ADMIN' => 'ishareb.dev'
    'SCRIPT_FILENAME' => 'D:/workspace/www/ishare/backend/web/index.php'
    'REMOTE_PORT' => '13452'
    'GATEWAY_INTERFACE' => 'CGI/1.1'
    'SERVER_PROTOCOL' => 'HTTP/1.1'
    'REQUEST_METHOD' => 'GET'
    'QUERY_STRING' => 'r=nodes/book'
    'REQUEST_URI' => '/index.php?r=nodes/book'
    'SCRIPT_NAME' => '/index.php'
    'PHP_SELF' => '/index.php'
    'REQUEST_TIME_FLOAT' => 1433466956.115
    'REQUEST_TIME' => 1433466956
]
2015-06-05 03:16:08 [10.201.8.9][-][-][warning][yii\debug\Module::checkAccess] Access to debugger is denied due to IP address restriction. The requesting IP address is 10.201.8.9
    in D:\workspace\www\ishare\backend\views\layouts\main.php:68
    in D:\workspace\www\ishare\backend\controllers\SiteController.php:73
2015-06-05 03:16:08 [10.201.8.9][-][-][info][application] $_GET = [
    'r' => 'site/login'
]

$_COOKIE = [
    '_csrf' => 'f4050439e79f94e51e385c90886a4cf4bef11e66dfa67e3e59599e01b137010fa:2:{i:0;s:5:\"_csrf\";i:1;s:32:\"036Vx3sG-Sk2BBYWJAtaBNL5ZgT5fUVq\";}'
    'PHPSESSID' => 'thqqhsdphmkpdc7lpg3jbq5ks3'
]

$_SESSION = [
    '__flash' => []
    '__returnUrl' => '/index.php'
]

$_SERVER = [
    'MIBDIRS' => 'D:/tools/php/lamp/php/extras/mibs'
    'MYSQL_HOME' => '\\xampp\\mysql\\bin'
    'OPENSSL_CONF' => 'D:/tools/php/lamp/apache/bin/openssl.cnf'
    'PHP_PEAR_SYSCONF_DIR' => '\\xampp\\php'
    'PHPRC' => '\\xampp\\php'
    'TMP' => '\\xampp\\tmp'
    'HTTP_HOST' => '10.201.8.41'
    'HTTP_ACCEPT_LANGUAGE' => 'zh-CN'
    'HTTP_COOKIE' => '_csrf=f4050439e79f94e51e385c90886a4cf4bef11e66dfa67e3e59599e01b137010fa%3A2%3A%7Bi%3A0%3Bs%3A5%3A%22_csrf%22%3Bi%3A1%3Bs%3A32%3A%22036Vx3sG-Sk2BBYWJAtaBNL5ZgT5fUVq%22%3B%7D; PHPSESSID=thqqhsdphmkpdc7lpg3jbq5ks3'
    'HTTP_X_UCBROWSER_UA' => 'dv(U9500);pr(UCBrowser/10.3.0.552);ov(Android 4.1.1);ss(360*640);pi(720*1280);bt(UM);pm(1);bv(0);nm(0);im(0);sr(0);nt(2);'
    'HTTP_REFERER' => 'http://10.201.8.41/index.php?r=nodes/book'
    'HTTP_ACCEPT_ENCODING' => 'gzip'
    'HTTP_USER_AGENT' => 'Mozilla/5.0 (Linux; U; Android 4.1.1; zh-CN; U9500 Build/HuaweiU9500) AppleWebKit/534.30 (KHTML, like Gecko) Version/4.0 UCBrowser/10.3.0.552 U3/0.8.0 Mobile Safari/534.30'
    'HTTP_ACCEPT' => 'text/html,application/xhtml+xml,application/xml;q=0.9,*/*;q=0.8,UC/145,plugin/1,alipay/un'
    'HTTP_CONNECTION' => 'keep-alive'
    'PATH' => 'C:\\Windows\\system32;C:\\Windows;C:\\Windows\\System32\\Wbem;C:\\Windows\\System32\\WindowsPowerShell\\v1.0\\;D:\\tools\\php\\lamp\\php;C:\\ProgramData\\ComposerSetup\\bin;D:\\Program Files\\TortoiseSVN\\bin;C:\\Program Files\\EmEditor;D:\\Program Files (x86)\\Subversion\\bin'
    'SystemRoot' => 'C:\\Windows'
    'COMSPEC' => 'C:\\Windows\\system32\\cmd.exe'
    'PATHEXT' => '.COM;.EXE;.BAT;.CMD;.VBS;.VBE;.JS;.JSE;.WSF;.WSH;.MSC'
    'WINDIR' => 'C:\\Windows'
    'SERVER_SIGNATURE' => '<address>Apache/2.4.4 (Win32) OpenSSL/1.0.1e PHP/5.5.1 Server at 10.201.8.41 Port 80</address>
'
    'SERVER_SOFTWARE' => 'Apache/2.4.4 (Win32) OpenSSL/1.0.1e PHP/5.5.1'
    'SERVER_NAME' => '10.201.8.41'
    'SERVER_ADDR' => '10.201.8.41'
    'SERVER_PORT' => '80'
    'REMOTE_ADDR' => '10.201.8.9'
    'DOCUMENT_ROOT' => 'D:/workspace/www/ishare/backend/web'
    'REQUEST_SCHEME' => 'http'
    'CONTEXT_PREFIX' => ''
    'CONTEXT_DOCUMENT_ROOT' => 'D:/workspace/www/ishare/backend/web'
    'SERVER_ADMIN' => 'ishareb.dev'
    'SCRIPT_FILENAME' => 'D:/workspace/www/ishare/backend/web/index.php'
    'REMOTE_PORT' => '19786'
    'GATEWAY_INTERFACE' => 'CGI/1.1'
    'SERVER_PROTOCOL' => 'HTTP/1.1'
    'REQUEST_METHOD' => 'GET'
    'QUERY_STRING' => 'r=site%2Flogin'
    'REQUEST_URI' => '/index.php?r=site%2Flogin'
    'SCRIPT_NAME' => '/index.php'
    'PHP_SELF' => '/index.php'
    'REQUEST_TIME_FLOAT' => 1433466968.336
    'REQUEST_TIME' => 1433466968
]
2015-06-05 03:16:28 [10.201.8.9][-][-][error][yii\web\HttpException:404] exception 'yii\base\InvalidRouteException' with message 'Unable to resolve the request "node/book".' in D:\workspace\www\ishare\vendor\yiisoft\yii2\base\Module.php:461
Stack trace:
#0 D:\workspace\www\ishare\vendor\yiisoft\yii2\web\Application.php(84): yii\base\Module->runAction('node/book', Array)
#1 D:\workspace\www\ishare\vendor\yiisoft\yii2\base\Application.php(375): yii\web\Application->handleRequest(Object(yii\web\Request))
#2 D:\workspace\www\ishare\backend\web\index.php(18): yii\base\Application->run()
#3 {main}

Next exception 'yii\web\NotFoundHttpException' with message 'Page not found.' in D:\workspace\www\ishare\vendor\yiisoft\yii2\web\Application.php:96
Stack trace:
#0 D:\workspace\www\ishare\vendor\yiisoft\yii2\base\Application.php(375): yii\web\Application->handleRequest(Object(yii\web\Request))
#1 D:\workspace\www\ishare\backend\web\index.php(18): yii\base\Application->run()
#2 {main}
2015-06-05 03:16:28 [10.201.8.9][-][-][warning][yii\debug\Module::checkAccess] Access to debugger is denied due to IP address restriction. The requesting IP address is 10.201.8.9
    in D:\workspace\www\ishare\backend\views\layouts\main.php:68
2015-06-05 03:16:28 [10.201.8.9][-][-][info][application] $_GET = [
    'r' => 'node/book'
]

$_COOKIE = [
    '_csrf' => 'f4050439e79f94e51e385c90886a4cf4bef11e66dfa67e3e59599e01b137010fa:2:{i:0;s:5:\"_csrf\";i:1;s:32:\"036Vx3sG-Sk2BBYWJAtaBNL5ZgT5fUVq\";}'
    'PHPSESSID' => 'thqqhsdphmkpdc7lpg3jbq5ks3'
]

$_SESSION = [
    '__flash' => []
    '__returnUrl' => '/index.php'
]

$_SERVER = [
    'MIBDIRS' => 'D:/tools/php/lamp/php/extras/mibs'
    'MYSQL_HOME' => '\\xampp\\mysql\\bin'
    'OPENSSL_CONF' => 'D:/tools/php/lamp/apache/bin/openssl.cnf'
    'PHP_PEAR_SYSCONF_DIR' => '\\xampp\\php'
    'PHPRC' => '\\xampp\\php'
    'TMP' => '\\xampp\\tmp'
    'HTTP_HOST' => '10.201.8.41'
    'HTTP_ACCEPT_ENCODING' => 'gzip'
    'HTTP_ACCEPT_LANGUAGE' => 'zh-CN'
    'HTTP_USER_AGENT' => 'Mozilla/5.0 (Linux; U; Android 4.1.1; zh-CN; U9500 Build/HuaweiU9500) AppleWebKit/534.30 (KHTML, like Gecko) Version/4.0 UCBrowser/10.3.0.552 U3/0.8.0 Mobile Safari/534.30'
    'HTTP_COOKIE' => '_csrf=f4050439e79f94e51e385c90886a4cf4bef11e66dfa67e3e59599e01b137010fa%3A2%3A%7Bi%3A0%3Bs%3A5%3A%22_csrf%22%3Bi%3A1%3Bs%3A32%3A%22036Vx3sG-Sk2BBYWJAtaBNL5ZgT5fUVq%22%3B%7D; PHPSESSID=thqqhsdphmkpdc7lpg3jbq5ks3'
    'HTTP_ACCEPT' => 'text/html,application/xhtml+xml,application/xml;q=0.9,*/*;q=0.8,UC/145,plugin/1,alipay/un'
    'HTTP_CONNECTION' => 'keep-alive'
    'HTTP_X_UCBROWSER_UA' => 'dv(U9500);pr(UCBrowser/10.3.0.552);ov(Android 4.1.1);ss(360*640);pi(720*1280);bt(UM);pm(1);bv(0);nm(0);im(0);sr(0);nt(2);'
    'PATH' => 'C:\\Windows\\system32;C:\\Windows;C:\\Windows\\System32\\Wbem;C:\\Windows\\System32\\WindowsPowerShell\\v1.0\\;D:\\tools\\php\\lamp\\php;C:\\ProgramData\\ComposerSetup\\bin;D:\\Program Files\\TortoiseSVN\\bin;C:\\Program Files\\EmEditor;D:\\Program Files (x86)\\Subversion\\bin'
    'SystemRoot' => 'C:\\Windows'
    'COMSPEC' => 'C:\\Windows\\system32\\cmd.exe'
    'PATHEXT' => '.COM;.EXE;.BAT;.CMD;.VBS;.VBE;.JS;.JSE;.WSF;.WSH;.MSC'
    'WINDIR' => 'C:\\Windows'
    'SERVER_SIGNATURE' => '<address>Apache/2.4.4 (Win32) OpenSSL/1.0.1e PHP/5.5.1 Server at 10.201.8.41 Port 80</address>
'
    'SERVER_SOFTWARE' => 'Apache/2.4.4 (Win32) OpenSSL/1.0.1e PHP/5.5.1'
    'SERVER_NAME' => '10.201.8.41'
    'SERVER_ADDR' => '10.201.8.41'
    'SERVER_PORT' => '80'
    'REMOTE_ADDR' => '10.201.8.9'
    'DOCUMENT_ROOT' => 'D:/workspace/www/ishare/backend/web'
    'REQUEST_SCHEME' => 'http'
    'CONTEXT_PREFIX' => ''
    'CONTEXT_DOCUMENT_ROOT' => 'D:/workspace/www/ishare/backend/web'
    'SERVER_ADMIN' => 'ishareb.dev'
    'SCRIPT_FILENAME' => 'D:/workspace/www/ishare/backend/web/index.php'
    'REMOTE_PORT' => '11158'
    'GATEWAY_INTERFACE' => 'CGI/1.1'
    'SERVER_PROTOCOL' => 'HTTP/1.1'
    'REQUEST_METHOD' => 'GET'
    'QUERY_STRING' => 'r=node/book'
    'REQUEST_URI' => '/index.php?r=node/book'
    'SCRIPT_NAME' => '/index.php'
    'PHP_SELF' => '/index.php'
    'REQUEST_TIME_FLOAT' => 1433466988.505
    'REQUEST_TIME' => 1433466988
]
2015-06-05 03:16:37 [10.201.8.9][-][-][error][yii\web\HttpException:404] exception 'yii\base\InvalidRouteException' with message 'Unable to resolve the request "nodes/book".' in D:\workspace\www\ishare\vendor\yiisoft\yii2\base\Module.php:461
Stack trace:
#0 D:\workspace\www\ishare\vendor\yiisoft\yii2\web\Application.php(84): yii\base\Module->runAction('nodes/book', Array)
#1 D:\workspace\www\ishare\vendor\yiisoft\yii2\base\Application.php(375): yii\web\Application->handleRequest(Object(yii\web\Request))
#2 D:\workspace\www\ishare\backend\web\index.php(18): yii\base\Application->run()
#3 {main}

Next exception 'yii\web\NotFoundHttpException' with message 'Page not found.' in D:\workspace\www\ishare\vendor\yiisoft\yii2\web\Application.php:96
Stack trace:
#0 D:\workspace\www\ishare\vendor\yiisoft\yii2\base\Application.php(375): yii\web\Application->handleRequest(Object(yii\web\Request))
#1 D:\workspace\www\ishare\backend\web\index.php(18): yii\base\Application->run()
#2 {main}
2015-06-05 03:16:37 [10.201.8.9][-][-][warning][yii\debug\Module::checkAccess] Access to debugger is denied due to IP address restriction. The requesting IP address is 10.201.8.9
    in D:\workspace\www\ishare\backend\views\layouts\main.php:68
2015-06-05 03:16:37 [10.201.8.9][-][-][info][application] $_GET = [
    'r' => 'nodes/book'
]

$_COOKIE = [
    '_csrf' => 'f4050439e79f94e51e385c90886a4cf4bef11e66dfa67e3e59599e01b137010fa:2:{i:0;s:5:\"_csrf\";i:1;s:32:\"036Vx3sG-Sk2BBYWJAtaBNL5ZgT5fUVq\";}'
    'PHPSESSID' => 'thqqhsdphmkpdc7lpg3jbq5ks3'
]

$_SESSION = [
    '__flash' => []
    '__returnUrl' => '/index.php'
]

$_SERVER = [
    'MIBDIRS' => 'D:/tools/php/lamp/php/extras/mibs'
    'MYSQL_HOME' => '\\xampp\\mysql\\bin'
    'OPENSSL_CONF' => 'D:/tools/php/lamp/apache/bin/openssl.cnf'
    'PHP_PEAR_SYSCONF_DIR' => '\\xampp\\php'
    'PHPRC' => '\\xampp\\php'
    'TMP' => '\\xampp\\tmp'
    'HTTP_HOST' => '10.201.8.41'
    'HTTP_ACCEPT_ENCODING' => 'gzip'
    'HTTP_ACCEPT_LANGUAGE' => 'zh-CN'
    'HTTP_USER_AGENT' => 'Mozilla/5.0 (Linux; U; Android 4.1.1; zh-CN; U9500 Build/HuaweiU9500) AppleWebKit/534.30 (KHTML, like Gecko) Version/4.0 UCBrowser/10.3.0.552 U3/0.8.0 Mobile Safari/534.30'
    'HTTP_COOKIE' => '_csrf=f4050439e79f94e51e385c90886a4cf4bef11e66dfa67e3e59599e01b137010fa%3A2%3A%7Bi%3A0%3Bs%3A5%3A%22_csrf%22%3Bi%3A1%3Bs%3A32%3A%22036Vx3sG-Sk2BBYWJAtaBNL5ZgT5fUVq%22%3B%7D; PHPSESSID=thqqhsdphmkpdc7lpg3jbq5ks3'
    'HTTP_ACCEPT' => 'text/html,application/xhtml+xml,application/xml;q=0.9,*/*;q=0.8,UC/145,plugin/1,alipay/un'
    'HTTP_CONNECTION' => 'keep-alive'
    'HTTP_X_UCBROWSER_UA' => 'dv(U9500);pr(UCBrowser/10.3.0.552);ov(Android 4.1.1);ss(360*640);pi(720*1280);bt(UM);pm(1);bv(0);nm(0);im(0);sr(0);nt(2);'
    'PATH' => 'C:\\Windows\\system32;C:\\Windows;C:\\Windows\\System32\\Wbem;C:\\Windows\\System32\\WindowsPowerShell\\v1.0\\;D:\\tools\\php\\lamp\\php;C:\\ProgramData\\ComposerSetup\\bin;D:\\Program Files\\TortoiseSVN\\bin;C:\\Program Files\\EmEditor;D:\\Program Files (x86)\\Subversion\\bin'
    'SystemRoot' => 'C:\\Windows'
    'COMSPEC' => 'C:\\Windows\\system32\\cmd.exe'
    'PATHEXT' => '.COM;.EXE;.BAT;.CMD;.VBS;.VBE;.JS;.JSE;.WSF;.WSH;.MSC'
    'WINDIR' => 'C:\\Windows'
    'SERVER_SIGNATURE' => '<address>Apache/2.4.4 (Win32) OpenSSL/1.0.1e PHP/5.5.1 Server at 10.201.8.41 Port 80</address>
'
    'SERVER_SOFTWARE' => 'Apache/2.4.4 (Win32) OpenSSL/1.0.1e PHP/5.5.1'
    'SERVER_NAME' => '10.201.8.41'
    'SERVER_ADDR' => '10.201.8.41'
    'SERVER_PORT' => '80'
    'REMOTE_ADDR' => '10.201.8.9'
    'DOCUMENT_ROOT' => 'D:/workspace/www/ishare/backend/web'
    'REQUEST_SCHEME' => 'http'
    'CONTEXT_PREFIX' => ''
    'CONTEXT_DOCUMENT_ROOT' => 'D:/workspace/www/ishare/backend/web'
    'SERVER_ADMIN' => 'ishareb.dev'
    'SCRIPT_FILENAME' => 'D:/workspace/www/ishare/backend/web/index.php'
    'REMOTE_PORT' => '12924'
    'GATEWAY_INTERFACE' => 'CGI/1.1'
    'SERVER_PROTOCOL' => 'HTTP/1.1'
    'REQUEST_METHOD' => 'GET'
    'QUERY_STRING' => 'r=nodes/book'
    'REQUEST_URI' => '/index.php?r=nodes/book'
    'SCRIPT_NAME' => '/index.php'
    'PHP_SELF' => '/index.php'
    'REQUEST_TIME_FLOAT' => 1433466997.814
    'REQUEST_TIME' => 1433466997
]
2015-06-05 03:16:46 [10.201.8.41][-][-][error][yii\web\HttpException:404] exception 'yii\base\InvalidRouteException' with message 'Unable to resolve the request "nodes/book".' in D:\workspace\www\ishare\vendor\yiisoft\yii2\base\Module.php:461
Stack trace:
#0 D:\workspace\www\ishare\vendor\yiisoft\yii2\web\Application.php(84): yii\base\Module->runAction('nodes/book', Array)
#1 D:\workspace\www\ishare\vendor\yiisoft\yii2\base\Application.php(375): yii\web\Application->handleRequest(Object(yii\web\Request))
#2 D:\workspace\www\ishare\backend\web\index.php(18): yii\base\Application->run()
#3 {main}

Next exception 'yii\web\NotFoundHttpException' with message 'Page not found.' in D:\workspace\www\ishare\vendor\yiisoft\yii2\web\Application.php:96
Stack trace:
#0 D:\workspace\www\ishare\vendor\yiisoft\yii2\base\Application.php(375): yii\web\Application->handleRequest(Object(yii\web\Request))
#1 D:\workspace\www\ishare\backend\web\index.php(18): yii\base\Application->run()
#2 {main}
2015-06-05 03:16:46 [10.201.8.41][-][-][warning][yii\debug\Module::checkAccess] Access to debugger is denied due to IP address restriction. The requesting IP address is 10.201.8.41
    in D:\workspace\www\ishare\backend\views\layouts\main.php:68
2015-06-05 03:16:45 [10.201.8.41][-][-][info][application] $_GET = [
    'r' => 'nodes/book'
]

$_COOKIE = [
    'PHPSESSID' => 't1oipt5ckmg23g28nlgs7u8n51'
    '_csrf' => '3435ff128b375a5d9f30ade53f2853150f34ff0174428d6d85958d727d8239cca:2:{i:0;s:5:\"_csrf\";i:1;s:32:\"w2u71O0c4Cy5hBvjZlGKIk2QF-Ux6k6N\";}'
]

$_SESSION = [
    '__flash' => []
    '__returnUrl' => '/'
]

$_SERVER = [
    'MIBDIRS' => 'D:/tools/php/lamp/php/extras/mibs'
    'MYSQL_HOME' => '\\xampp\\mysql\\bin'
    'OPENSSL_CONF' => 'D:/tools/php/lamp/apache/bin/openssl.cnf'
    'PHP_PEAR_SYSCONF_DIR' => '\\xampp\\php'
    'PHPRC' => '\\xampp\\php'
    'TMP' => '\\xampp\\tmp'
    'HTTP_HOST' => '10.201.8.41'
    'HTTP_CONNECTION' => 'keep-alive'
    'HTTP_CACHE_CONTROL' => 'max-age=0'
    'HTTP_ACCEPT' => 'text/html,application/xhtml+xml,application/xml;q=0.9,image/webp,*/*;q=0.8'
    'HTTP_USER_AGENT' => 'Mozilla/5.0 (Windows NT 6.1; WOW64) AppleWebKit/537.36 (KHTML, like Gecko) Chrome/43.0.2357.65 Safari/537.36'
    'HTTP_ACCEPT_ENCODING' => 'gzip, deflate, sdch'
    'HTTP_ACCEPT_LANGUAGE' => 'zh-CN,zh;q=0.8'
    'HTTP_COOKIE' => 'PHPSESSID=t1oipt5ckmg23g28nlgs7u8n51; _csrf=3435ff128b375a5d9f30ade53f2853150f34ff0174428d6d85958d727d8239cca%3A2%3A%7Bi%3A0%3Bs%3A5%3A%22_csrf%22%3Bi%3A1%3Bs%3A32%3A%22w2u71O0c4Cy5hBvjZlGKIk2QF-Ux6k6N%22%3B%7D'
    'PATH' => 'C:\\Windows\\system32;C:\\Windows;C:\\Windows\\System32\\Wbem;C:\\Windows\\System32\\WindowsPowerShell\\v1.0\\;D:\\tools\\php\\lamp\\php;C:\\ProgramData\\ComposerSetup\\bin;D:\\Program Files\\TortoiseSVN\\bin;C:\\Program Files\\EmEditor;D:\\Program Files (x86)\\Subversion\\bin'
    'SystemRoot' => 'C:\\Windows'
    'COMSPEC' => 'C:\\Windows\\system32\\cmd.exe'
    'PATHEXT' => '.COM;.EXE;.BAT;.CMD;.VBS;.VBE;.JS;.JSE;.WSF;.WSH;.MSC'
    'WINDIR' => 'C:\\Windows'
    'SERVER_SIGNATURE' => '<address>Apache/2.4.4 (Win32) OpenSSL/1.0.1e PHP/5.5.1 Server at 10.201.8.41 Port 80</address>
'
    'SERVER_SOFTWARE' => 'Apache/2.4.4 (Win32) OpenSSL/1.0.1e PHP/5.5.1'
    'SERVER_NAME' => '10.201.8.41'
    'SERVER_ADDR' => '10.201.8.41'
    'SERVER_PORT' => '80'
    'REMOTE_ADDR' => '10.201.8.41'
    'DOCUMENT_ROOT' => 'D:/workspace/www/ishare/backend/web'
    'REQUEST_SCHEME' => 'http'
    'CONTEXT_PREFIX' => ''
    'CONTEXT_DOCUMENT_ROOT' => 'D:/workspace/www/ishare/backend/web'
    'SERVER_ADMIN' => 'ishareb.dev'
    'SCRIPT_FILENAME' => 'D:/workspace/www/ishare/backend/web/index.php'
    'REMOTE_PORT' => '50211'
    'GATEWAY_INTERFACE' => 'CGI/1.1'
    'SERVER_PROTOCOL' => 'HTTP/1.1'
    'REQUEST_METHOD' => 'GET'
    'QUERY_STRING' => 'r=nodes/book'
    'REQUEST_URI' => '/index.php?r=nodes/book'
    'SCRIPT_NAME' => '/index.php'
    'PHP_SELF' => '/index.php'
    'REQUEST_TIME_FLOAT' => 1433467005.964
    'REQUEST_TIME' => 1433467005
]
2015-06-05 03:16:47 [10.201.8.41][-][-][error][yii\web\HttpException:404] exception 'yii\base\InvalidRouteException' with message 'Unable to resolve the request "nodes/book".' in D:\workspace\www\ishare\vendor\yiisoft\yii2\base\Module.php:461
Stack trace:
#0 D:\workspace\www\ishare\vendor\yiisoft\yii2\web\Application.php(84): yii\base\Module->runAction('nodes/book', Array)
#1 D:\workspace\www\ishare\vendor\yiisoft\yii2\base\Application.php(375): yii\web\Application->handleRequest(Object(yii\web\Request))
#2 D:\workspace\www\ishare\backend\web\index.php(18): yii\base\Application->run()
#3 {main}

Next exception 'yii\web\NotFoundHttpException' with message 'Page not found.' in D:\workspace\www\ishare\vendor\yiisoft\yii2\web\Application.php:96
Stack trace:
#0 D:\workspace\www\ishare\vendor\yiisoft\yii2\base\Application.php(375): yii\web\Application->handleRequest(Object(yii\web\Request))
#1 D:\workspace\www\ishare\backend\web\index.php(18): yii\base\Application->run()
#2 {main}
2015-06-05 03:16:47 [10.201.8.41][-][-][warning][yii\debug\Module::checkAccess] Access to debugger is denied due to IP address restriction. The requesting IP address is 10.201.8.41
    in D:\workspace\www\ishare\backend\views\layouts\main.php:68
2015-06-05 03:16:47 [10.201.8.41][-][-][info][application] $_GET = [
    'r' => 'nodes/book'
]

$_COOKIE = [
    'PHPSESSID' => 't1oipt5ckmg23g28nlgs7u8n51'
    '_csrf' => '3435ff128b375a5d9f30ade53f2853150f34ff0174428d6d85958d727d8239cca:2:{i:0;s:5:\"_csrf\";i:1;s:32:\"w2u71O0c4Cy5hBvjZlGKIk2QF-Ux6k6N\";}'
]

$_SESSION = [
    '__flash' => []
    '__returnUrl' => '/'
]

$_SERVER = [
    'MIBDIRS' => 'D:/tools/php/lamp/php/extras/mibs'
    'MYSQL_HOME' => '\\xampp\\mysql\\bin'
    'OPENSSL_CONF' => 'D:/tools/php/lamp/apache/bin/openssl.cnf'
    'PHP_PEAR_SYSCONF_DIR' => '\\xampp\\php'
    'PHPRC' => '\\xampp\\php'
    'TMP' => '\\xampp\\tmp'
    'HTTP_HOST' => '10.201.8.41'
    'HTTP_CONNECTION' => 'keep-alive'
    'HTTP_CACHE_CONTROL' => 'max-age=0'
    'HTTP_ACCEPT' => 'text/html,application/xhtml+xml,application/xml;q=0.9,image/webp,*/*;q=0.8'
    'HTTP_USER_AGENT' => 'Mozilla/5.0 (Windows NT 6.1; WOW64) AppleWebKit/537.36 (KHTML, like Gecko) Chrome/43.0.2357.65 Safari/537.36'
    'HTTP_ACCEPT_ENCODING' => 'gzip, deflate, sdch'
    'HTTP_ACCEPT_LANGUAGE' => 'zh-CN,zh;q=0.8'
    'HTTP_COOKIE' => 'PHPSESSID=t1oipt5ckmg23g28nlgs7u8n51; _csrf=3435ff128b375a5d9f30ade53f2853150f34ff0174428d6d85958d727d8239cca%3A2%3A%7Bi%3A0%3Bs%3A5%3A%22_csrf%22%3Bi%3A1%3Bs%3A32%3A%22w2u71O0c4Cy5hBvjZlGKIk2QF-Ux6k6N%22%3B%7D'
    'PATH' => 'C:\\Windows\\system32;C:\\Windows;C:\\Windows\\System32\\Wbem;C:\\Windows\\System32\\WindowsPowerShell\\v1.0\\;D:\\tools\\php\\lamp\\php;C:\\ProgramData\\ComposerSetup\\bin;D:\\Program Files\\TortoiseSVN\\bin;C:\\Program Files\\EmEditor;D:\\Program Files (x86)\\Subversion\\bin'
    'SystemRoot' => 'C:\\Windows'
    'COMSPEC' => 'C:\\Windows\\system32\\cmd.exe'
    'PATHEXT' => '.COM;.EXE;.BAT;.CMD;.VBS;.VBE;.JS;.JSE;.WSF;.WSH;.MSC'
    'WINDIR' => 'C:\\Windows'
    'SERVER_SIGNATURE' => '<address>Apache/2.4.4 (Win32) OpenSSL/1.0.1e PHP/5.5.1 Server at 10.201.8.41 Port 80</address>
'
    'SERVER_SOFTWARE' => 'Apache/2.4.4 (Win32) OpenSSL/1.0.1e PHP/5.5.1'
    'SERVER_NAME' => '10.201.8.41'
    'SERVER_ADDR' => '10.201.8.41'
    'SERVER_PORT' => '80'
    'REMOTE_ADDR' => '10.201.8.41'
    'DOCUMENT_ROOT' => 'D:/workspace/www/ishare/backend/web'
    'REQUEST_SCHEME' => 'http'
    'CONTEXT_PREFIX' => ''
    'CONTEXT_DOCUMENT_ROOT' => 'D:/workspace/www/ishare/backend/web'
    'SERVER_ADMIN' => 'ishareb.dev'
    'SCRIPT_FILENAME' => 'D:/workspace/www/ishare/backend/web/index.php'
    'REMOTE_PORT' => '50214'
    'GATEWAY_INTERFACE' => 'CGI/1.1'
    'SERVER_PROTOCOL' => 'HTTP/1.1'
    'REQUEST_METHOD' => 'GET'
    'QUERY_STRING' => 'r=nodes/book'
    'REQUEST_URI' => '/index.php?r=nodes/book'
    'SCRIPT_NAME' => '/index.php'
    'PHP_SELF' => '/index.php'
    'REQUEST_TIME_FLOAT' => 1433467007.232
    'REQUEST_TIME' => 1433467007
]
2015-06-05 08:36:14 [127.0.0.1][-][-][error][yii\base\InvalidParamException] exception 'yii\base\InvalidParamException' with message 'The view file does not exist: D:\workspace\www\ishare\backend\views\file\index.php' in D:\workspace\www\ishare\vendor\yiisoft\yii2\base\View.php:226
Stack trace:
#0 D:\workspace\www\ishare\vendor\yiisoft\yii2\base\View.php(149): yii\base\View->renderFile('D:\workspace\ww...', Array, Object(backend\controllers\FileController))
#1 D:\workspace\www\ishare\vendor\yiisoft\yii2\base\Controller.php(371): yii\base\View->render('index', Array, Object(backend\controllers\FileController))
#2 D:\workspace\www\ishare\backend\controllers\FileController.php(41): yii\base\Controller->render('index', Array)
#3 [internal function]: backend\controllers\FileController->actionIndex()
#4 D:\workspace\www\ishare\vendor\yiisoft\yii2\base\InlineAction.php(55): call_user_func_array(Array, Array)
#5 D:\workspace\www\ishare\vendor\yiisoft\yii2\base\Controller.php(151): yii\base\InlineAction->runWithParams(Array)
#6 D:\workspace\www\ishare\vendor\yiisoft\yii2\base\Module.php(455): yii\base\Controller->runAction('', Array)
#7 D:\workspace\www\ishare\vendor\yiisoft\yii2\web\Application.php(84): yii\base\Module->runAction('file', Array)
#8 D:\workspace\www\ishare\vendor\yiisoft\yii2\base\Application.php(375): yii\web\Application->handleRequest(Object(yii\web\Request))
#9 D:\workspace\www\ishare\backend\web\index.php(18): yii\base\Application->run()
#10 {main}
2015-06-05 08:36:14 [127.0.0.1][-][-][info][application] $_GET = [
    'r' => 'file'
]

$_COOKIE = [
    'PHPSESSID' => 'r6t9cvk8gavttvlk7mgmhrttb7'
    '_csrf' => 'f51263dad9eb84549f6dcd69da74230a7d48262561b9db8c5befd1212fb20a78a:2:{i:0;s:5:\"_csrf\";i:1;s:32:\"Baq4QK4W_1YHdBaldM3x9D6eQEmptDCA\";}'
]

$_SERVER = [
    'MIBDIRS' => 'D:/tools/php/lamp/php/extras/mibs'
    'MYSQL_HOME' => '\\xampp\\mysql\\bin'
    'OPENSSL_CONF' => 'D:/tools/php/lamp/apache/bin/openssl.cnf'
    'PHP_PEAR_SYSCONF_DIR' => '\\xampp\\php'
    'PHPRC' => '\\xampp\\php'
    'TMP' => '\\xampp\\tmp'
    'HTTP_HOST' => 'ishareb.dev'
    'HTTP_CONNECTION' => 'keep-alive'
    'HTTP_ACCEPT' => 'text/html,application/xhtml+xml,application/xml;q=0.9,image/webp,*/*;q=0.8'
    'HTTP_USER_AGENT' => 'Mozilla/5.0 (Windows NT 6.1; WOW64) AppleWebKit/537.36 (KHTML, like Gecko) Chrome/43.0.2357.65 Safari/537.36'
    'HTTP_ACCEPT_ENCODING' => 'gzip, deflate, sdch'
    'HTTP_ACCEPT_LANGUAGE' => 'zh-CN,zh;q=0.8'
    'HTTP_COOKIE' => 'PHPSESSID=r6t9cvk8gavttvlk7mgmhrttb7; _csrf=f51263dad9eb84549f6dcd69da74230a7d48262561b9db8c5befd1212fb20a78a%3A2%3A%7Bi%3A0%3Bs%3A5%3A%22_csrf%22%3Bi%3A1%3Bs%3A32%3A%22Baq4QK4W_1YHdBaldM3x9D6eQEmptDCA%22%3B%7D'
    'PATH' => 'C:\\Windows\\system32;C:\\Windows;C:\\Windows\\System32\\Wbem;C:\\Windows\\System32\\WindowsPowerShell\\v1.0\\;D:\\tools\\php\\lamp\\php;C:\\ProgramData\\ComposerSetup\\bin;D:\\Program Files\\TortoiseSVN\\bin;C:\\Program Files\\EmEditor;D:\\Program Files (x86)\\Subversion\\bin'
    'SystemRoot' => 'C:\\Windows'
    'COMSPEC' => 'C:\\Windows\\system32\\cmd.exe'
    'PATHEXT' => '.COM;.EXE;.BAT;.CMD;.VBS;.VBE;.JS;.JSE;.WSF;.WSH;.MSC'
    'WINDIR' => 'C:\\Windows'
    'SERVER_SIGNATURE' => '<address>Apache/2.4.4 (Win32) OpenSSL/1.0.1e PHP/5.5.1 Server at ishareb.dev Port 80</address>
'
    'SERVER_SOFTWARE' => 'Apache/2.4.4 (Win32) OpenSSL/1.0.1e PHP/5.5.1'
    'SERVER_NAME' => 'ishareb.dev'
    'SERVER_ADDR' => '127.0.0.1'
    'SERVER_PORT' => '80'
    'REMOTE_ADDR' => '127.0.0.1'
    'DOCUMENT_ROOT' => 'D:/workspace/www/ishare/backend/web'
    'REQUEST_SCHEME' => 'http'
    'CONTEXT_PREFIX' => ''
    'CONTEXT_DOCUMENT_ROOT' => 'D:/workspace/www/ishare/backend/web'
    'SERVER_ADMIN' => 'ishareb.dev'
    'SCRIPT_FILENAME' => 'D:/workspace/www/ishare/backend/web/index.php'
    'REMOTE_PORT' => '57288'
    'GATEWAY_INTERFACE' => 'CGI/1.1'
    'SERVER_PROTOCOL' => 'HTTP/1.1'
    'REQUEST_METHOD' => 'GET'
    'QUERY_STRING' => 'r=file'
    'REQUEST_URI' => '/index.php?r=file'
    'SCRIPT_NAME' => '/index.php'
    'PHP_SELF' => '/index.php'
    'REQUEST_TIME_FLOAT' => 1433486174.071
    'REQUEST_TIME' => 1433486174
]
2015-06-05 08:48:59 [127.0.0.1][-][-][error][yii\base\UnknownPropertyException] exception 'yii\base\UnknownPropertyException' with message 'Getting unknown property: common\models\File::tid' in D:\workspace\www\ishare\vendor\yiisoft\yii2\base\Component.php:143
Stack trace:
#0 D:\workspace\www\ishare\vendor\yiisoft\yii2\db\BaseActiveRecord.php(246): yii\base\Component->__get('tid')
#1 D:\workspace\www\ishare\vendor\yiisoft\yii2\validators\Validator.php(237): yii\db\BaseActiveRecord->__get('tid')
#2 D:\workspace\www\ishare\vendor\yiisoft\yii2\base\Model.php(351): yii\validators\Validator->validateAttributes(Object(common\models\File), Array)
#3 D:\workspace\www\ishare\vendor\yiisoft\yii2\db\ActiveRecord.php(416): yii\base\Model->validate(NULL)
#4 D:\workspace\www\ishare\vendor\yiisoft\yii2\db\BaseActiveRecord.php(590): yii\db\ActiveRecord->insert(true, NULL)
#5 D:\workspace\www\ishare\backend\controllers\FileController.php(65): yii\db\BaseActiveRecord->save()
#6 [internal function]: backend\controllers\FileController->actionCreate()
#7 D:\workspace\www\ishare\vendor\yiisoft\yii2\base\InlineAction.php(55): call_user_func_array(Array, Array)
#8 D:\workspace\www\ishare\vendor\yiisoft\yii2\base\Controller.php(151): yii\base\InlineAction->runWithParams(Array)
#9 D:\workspace\www\ishare\vendor\yiisoft\yii2\base\Module.php(455): yii\base\Controller->runAction('create', Array)
#10 D:\workspace\www\ishare\vendor\yiisoft\yii2\web\Application.php(84): yii\base\Module->runAction('file/create', Array)
#11 D:\workspace\www\ishare\vendor\yiisoft\yii2\base\Application.php(375): yii\web\Application->handleRequest(Object(yii\web\Request))
#12 D:\workspace\www\ishare\backend\web\index.php(18): yii\base\Application->run()
#13 {main}
2015-06-05 08:48:59 [127.0.0.1][-][-][info][application] $_GET = [
    'r' => 'file/create'
]

$_POST = [
    '_csrf' => 'ckhEZHBYaUswKTVQIRNdHC15HSwUGggnFgV3HEkcXy4jDSkUBBwqCg=='
    'File' => [
        'filename' => '324'
        'uri' => '123'
        'filemime' => '123'
        'filesize' => '123'
        'status' => '1'
    ]
]

$_COOKIE = [
    'PHPSESSID' => 'r6t9cvk8gavttvlk7mgmhrttb7'
    '_csrf' => 'f51263dad9eb84549f6dcd69da74230a7d48262561b9db8c5befd1212fb20a78a:2:{i:0;s:5:\"_csrf\";i:1;s:32:\"Baq4QK4W_1YHdBaldM3x9D6eQEmptDCA\";}'
]

$_SERVER = [
    'MIBDIRS' => 'D:/tools/php/lamp/php/extras/mibs'
    'MYSQL_HOME' => '\\xampp\\mysql\\bin'
    'OPENSSL_CONF' => 'D:/tools/php/lamp/apache/bin/openssl.cnf'
    'PHP_PEAR_SYSCONF_DIR' => '\\xampp\\php'
    'PHPRC' => '\\xampp\\php'
    'TMP' => '\\xampp\\tmp'
    'HTTP_HOST' => 'ishareb.dev'
    'HTTP_CONNECTION' => 'keep-alive'
    'CONTENT_LENGTH' => '172'
    'HTTP_CACHE_CONTROL' => 'max-age=0'
    'HTTP_ACCEPT' => 'text/html,application/xhtml+xml,application/xml;q=0.9,image/webp,*/*;q=0.8'
    'HTTP_ORIGIN' => 'http://ishareb.dev'
    'HTTP_USER_AGENT' => 'Mozilla/5.0 (Windows NT 6.1; WOW64) AppleWebKit/537.36 (KHTML, like Gecko) Chrome/43.0.2357.65 Safari/537.36'
    'CONTENT_TYPE' => 'application/x-www-form-urlencoded'
    'HTTP_REFERER' => 'http://ishareb.dev/index.php?r=file%2Fcreate'
    'HTTP_ACCEPT_ENCODING' => 'gzip, deflate'
    'HTTP_ACCEPT_LANGUAGE' => 'zh-CN,zh;q=0.8'
    'HTTP_COOKIE' => 'PHPSESSID=r6t9cvk8gavttvlk7mgmhrttb7; _csrf=f51263dad9eb84549f6dcd69da74230a7d48262561b9db8c5befd1212fb20a78a%3A2%3A%7Bi%3A0%3Bs%3A5%3A%22_csrf%22%3Bi%3A1%3Bs%3A32%3A%22Baq4QK4W_1YHdBaldM3x9D6eQEmptDCA%22%3B%7D'
    'PATH' => 'C:\\Windows\\system32;C:\\Windows;C:\\Windows\\System32\\Wbem;C:\\Windows\\System32\\WindowsPowerShell\\v1.0\\;D:\\tools\\php\\lamp\\php;C:\\ProgramData\\ComposerSetup\\bin;D:\\Program Files\\TortoiseSVN\\bin;C:\\Program Files\\EmEditor;D:\\Program Files (x86)\\Subversion\\bin'
    'SystemRoot' => 'C:\\Windows'
    'COMSPEC' => 'C:\\Windows\\system32\\cmd.exe'
    'PATHEXT' => '.COM;.EXE;.BAT;.CMD;.VBS;.VBE;.JS;.JSE;.WSF;.WSH;.MSC'
    'WINDIR' => 'C:\\Windows'
    'SERVER_SIGNATURE' => '<address>Apache/2.4.4 (Win32) OpenSSL/1.0.1e PHP/5.5.1 Server at ishareb.dev Port 80</address>
'
    'SERVER_SOFTWARE' => 'Apache/2.4.4 (Win32) OpenSSL/1.0.1e PHP/5.5.1'
    'SERVER_NAME' => 'ishareb.dev'
    'SERVER_ADDR' => '127.0.0.1'
    'SERVER_PORT' => '80'
    'REMOTE_ADDR' => '127.0.0.1'
    'DOCUMENT_ROOT' => 'D:/workspace/www/ishare/backend/web'
    'REQUEST_SCHEME' => 'http'
    'CONTEXT_PREFIX' => ''
    'CONTEXT_DOCUMENT_ROOT' => 'D:/workspace/www/ishare/backend/web'
    'SERVER_ADMIN' => 'ishareb.dev'
    'SCRIPT_FILENAME' => 'D:/workspace/www/ishare/backend/web/index.php'
    'REMOTE_PORT' => '57612'
    'GATEWAY_INTERFACE' => 'CGI/1.1'
    'SERVER_PROTOCOL' => 'HTTP/1.1'
    'REQUEST_METHOD' => 'POST'
    'QUERY_STRING' => 'r=file%2Fcreate'
    'REQUEST_URI' => '/index.php?r=file%2Fcreate'
    'SCRIPT_NAME' => '/index.php'
    'PHP_SELF' => '/index.php'
    'REQUEST_TIME_FLOAT' => 1433486939.891
    'REQUEST_TIME' => 1433486939
]
